3/25/2019 6:30:31 PM	This log contains information about the import schema operation into project 'MCDatabase' on computer 'LAPTOP-K9MBT2S7' by user 'iremm'.
3/25/2019 6:30:31 PM	Import of database schema has started.
3/25/2019 6:30:42 PM	Gathering database credentials
3/25/2019 6:30:42 PM	Gathering database options
3/25/2019 6:30:42 PM	Gathering generic database scoped configuration option
3/25/2019 6:30:42 PM	Gathering users
3/25/2019 6:30:42 PM	Gathering roles
3/25/2019 6:30:42 PM	Gathering application roles
3/25/2019 6:30:42 PM	Gathering role memberships
3/25/2019 6:30:42 PM	Gathering filegroups
3/25/2019 6:30:42 PM	Gathering full-text catalogs
3/25/2019 6:30:42 PM	Gathering assemblies
3/25/2019 6:30:42 PM	Gathering certificates
3/25/2019 6:30:42 PM	Gathering asymmetric keys
3/25/2019 6:30:42 PM	Gathering symmetric keys
3/25/2019 6:30:42 PM	Gathering encrypted symmetric keys
3/25/2019 6:30:42 PM	Gathering schemas
3/25/2019 6:30:42 PM	Gathering XML schema collections
3/25/2019 6:30:42 PM	Gathering user-defined data types
3/25/2019 6:30:42 PM	Gathering user-defined types
3/25/2019 6:30:42 PM	Gathering table types
3/25/2019 6:30:42 PM	Gathering unique keys for table types
3/25/2019 6:30:42 PM	Gathering primary keys for table types
3/25/2019 6:30:42 PM	Gathering indexes for table types
3/25/2019 6:30:42 PM	Gathering check constraints for table types
3/25/2019 6:30:42 PM	Gathering default constraints for table types
3/25/2019 6:30:42 PM	Gathering partition functions
3/25/2019 6:30:42 PM	Gathering partition schemes
3/25/2019 6:30:42 PM	Gathering functions
3/25/2019 6:30:42 PM	Gathering encrypted functions
3/25/2019 6:30:42 PM	Gathering aggregates
3/25/2019 6:30:42 PM	Gathering procedures
3/25/2019 6:30:42 PM	Gathering encrypted procedures
3/25/2019 6:30:42 PM	Gathering tables
3/25/2019 6:30:42 PM	Gathering primary keys
3/25/2019 6:30:42 PM	Gathering unique constraints
3/25/2019 6:30:42 PM	Gathering foreign keys
3/25/2019 6:30:42 PM	Gathering default constraints
3/25/2019 6:30:42 PM	Gathering check constraints
3/25/2019 6:30:42 PM	Gathering views
3/25/2019 6:30:42 PM	Gathering encrypted views
3/25/2019 6:30:42 PM	Gathering indexes
3/25/2019 6:30:42 PM	Gathering statistics
3/25/2019 6:30:42 PM	Gathering full-text index stoplists
3/25/2019 6:30:42 PM	Gathering search property lists
3/25/2019 6:30:42 PM	Gathering search properties
3/25/2019 6:30:42 PM	Gathering full-text indexes
3/25/2019 6:30:42 PM	Gathering column store indexes
3/25/2019 6:30:42 PM	Gathering spatial indexes
3/25/2019 6:30:42 PM	Gathering XML indexes
3/25/2019 6:30:42 PM	Gathering Selective XML indexes
3/25/2019 6:30:42 PM	Gathering encrypted triggers
3/25/2019 6:30:42 PM	Gathering triggers
3/25/2019 6:30:43 PM	Gathering encrypted and clr ddl triggers
3/25/2019 6:30:43 PM	Gathering ddl triggers
3/25/2019 6:30:43 PM	Gathering synonyms
3/25/2019 6:30:43 PM	Gathering defaults
3/25/2019 6:30:43 PM	Gathering data constraint uddt bindings
3/25/2019 6:30:43 PM	Gathering rules
3/25/2019 6:30:43 PM	Gathering data constraint uddt bindings
3/25/2019 6:30:43 PM	Gathering message types
3/25/2019 6:30:43 PM	Gathering queues
3/25/2019 6:30:43 PM	Gathering contracts
3/25/2019 6:30:43 PM	Gathering services
3/25/2019 6:30:43 PM	Gathering event notifications
3/25/2019 6:30:43 PM	Gathering remote service bindings
3/25/2019 6:30:43 PM	Gathering broker priorities
3/25/2019 6:30:43 PM	Gathering signatures
3/25/2019 6:30:43 PM	Gathering data compression options
3/25/2019 6:30:43 PM	Gathering sequence types
3/25/2019 6:30:43 PM	Gathering security policies
3/25/2019 6:30:43 PM	Gather column encryption keys
3/25/2019 6:30:43 PM	Gathering column master keys
3/25/2019 6:30:43 PM	Gathering external data sources
3/25/2019 6:30:43 PM	Gathering external file formats
3/25/2019 6:30:43 PM	Gathering external tables
3/25/2019 6:30:43 PM	Gathering extended properties
3/25/2019 6:30:43 PM	Gathering credentials
3/25/2019 6:30:43 PM	Gathering logins
3/25/2019 6:30:43 PM	Gathering server audits
3/25/2019 6:30:45 PM	Scanning project for duplicate elements
3/25/2019 6:30:45 PM	Finished duplicate element processing
3/25/2019 6:30:45 PM	Finished importing database.
3/25/2019 6:30:45 PM	A summary of the import was saved to the following location: c:\users\iremm\source\repos\MCDatabase\MCDatabase\Import Schema Logs\MCDatabase_20190325053031.log
3/25/2019 6:30:45 PM	Click Finish to continue...
